<?xml version="1.0" encoding="UTF-8"?>
<beans xmlns="http://www.springframework.org/schema/beans"
	xmlns:xsi="http://www.w3.org/2001/XMLSchema-instance" xmlns:context="http://www.springframework.org/schema/context"
	xmlns:tx="http://www.springframework.org/schema/tx"
	xsi:schemaLocation="
		http://www.springframework.org/schema/beans http://www.springframework.org/schema/beans/spring-beans-3.1.xsd
		http://www.springframework.org/schema/tx http://www.springframework.org/schema/tx/spring-tx-3.1.xsd
		http://www.springframework.org/schema/context http://www.springframework.org/schema/context/spring-context-3.1.xsd">

	<context:component-scan base-package="com.pensionrun.dao" />
	<context:component-scan base-package="com.pensionrun.entity" />
	
	<bean id="dataSource"
		class="org.springframework.jdbc.datasource.DriverManagerDataSource">
		<property name="driverClassName" value="com.mysql.jdbc.Driver" />
		<property name="url"
			value="jdbc:mysql://pensionrun-db.cxbvtxfz0tu1.ap-northeast-2.rds.amazonaws.com:3306/PensionRun" />
		<property name="username" value="pensionrun" />
		<property name="password" value="vpsxnl2015new!!" />
	</bean>

	<!-- Define EntityManagerFactory -->
	<bean id="entityManagerFactory"
		class="org.springframework.orm.jpa.LocalContainerEntityManagerFactoryBean">
		<property name="dataSource" ref="dataSource"></property>
		<property name="jpaProperties">
			<props>
				<prop key="hibernate.show_sql">true</prop>
				<prop key="hibernate.format_sql">true</prop>
				<prop key="hibernate.use_sql_comments">true</prop>
				<prop key="hibernate.bytecode.use_reflection_optimizer">false</prop>
				<prop key="hibernate.connection.autocommit">false</prop>
				<prop key="hibernate.connection.release_mode">auto</prop>
				<prop key="hibernate.current_session_context_class">thread</prop>
				<prop key="hibernate.ejb.discard_pc_on_close">false</prop>
				<prop key="hibernate.enable_lazy_load_no_trans">true</prop>
				<prop key="hibernate.query.jpaql_strict_compliance">true</prop>
				<prop key="hibernate.search.autoregister_listeners">false</prop>
				<prop key="hibernate.transaction.flush_before_completion">ture</prop>
				<prop key="hibernate.use_identifier_rollback">false</prop>
				<prop key="hibernate.validator.apply_to_ddl">false</prop>
				<prop key="hibernate.validator.autoregister_listeners">false</prop>
				<prop key="hibernate.temp.use_jdbc_metadata_defaults">false</prop>
				<prop key="hibernate.dialect">org.hibernate.dialect.MySQL5InnoDBDialect</prop>
				<prop key="hibernate.hbm2dll.auto">create</prop>
			</props>
		</property>
	</bean>

	<!-- Transaction Manager using local JPA APIs For EntityManagerFactory -->
	<bean id="transactionManager" class="org.springframework.orm.jpa.JpaTransactionManager">
		<property name="entityManagerFactory" ref="entityManagerFactory" />
	</bean>

	<!-- Let`s Drive Transaction Manager -->
	<tx:annotation-driven transaction-manager="transactionManager" />

</beans>
